build/intermediates/manifest_merge_blame_file/debug/manifest-merger-blame-debug-report.txt
1<?xml version="1.0" encoding="utf-8"?>
2<manifest xmlns:android="http://schemas.android.com/apk/res/android"
3    package="com.example.projeckpastibisa"
4    android:versionCode="1"
5    android:versionName="1.0" >
6
7    <uses-sdk
8        android:minSdkVersion="26"
8-->src\main\AndroidManifest.xml
9        android:targetSdkVersion="32" />
9-->src\main\AndroidManifest.xml
10
11    <application
11-->src\main\AndroidManifest.xml:5:5-51:19
12        android:allowBackup="true"
12-->src\main\AndroidManifest.xml:6:9-35
13        android:appComponentFactory="androidx.core.app.CoreComponentFactory"
13-->[androidx.core:core:1.8.0] AndroidManifest.xml:24:18-86
14        android:dataExtractionRules="@xml/data_extraction_rules"
14-->src\main\AndroidManifest.xml:7:9-65
15        android:debuggable="true"
16        android:extractNativeLibs="false"
17        android:fullBackupContent="@xml/backup_rules"
17-->src\main\AndroidManifest.xml:8:9-54
18        android:icon="@mipmap/ic_launcher"
18-->src\main\AndroidManifest.xml:9:9-43
19        android:label="@string/app_name"
19-->src\main\AndroidManifest.xml:10:9-41
20        android:roundIcon="@mipmap/ic_launcher_round"
20-->src\main\AndroidManifest.xml:11:9-54
21        android:supportsRtl="true"
21-->src\main\AndroidManifest.xml:12:9-35
22        android:testOnly="true"
23        android:theme="@style/Theme.ProjeckPastiBisa" >
23-->src\main\AndroidManifest.xml:13:9-54
24        <activity
24-->src\main\AndroidManifest.xml:15:9-27:20
25            android:name="com.example.projeckpastibisa.SpalshScreenActivity"
25-->src\main\AndroidManifest.xml:16:13-49
26            android:exported="true"
26-->src\main\AndroidManifest.xml:17:13-36
27            android:theme="@style/Theme.ProjeckPastiBisa" >
27-->src\main\AndroidManifest.xml:18:13-58
28            <intent-filter>
28-->src\main\AndroidManifest.xml:19:13-23:29
29                <action android:name="android.intent.action.MAIN" />
29-->src\main\AndroidManifest.xml:20:17-69
29-->src\main\AndroidManifest.xml:20:25-66
30
31                <category android:name="android.intent.category.LAUNCHER" />
31-->src\main\AndroidManifest.xml:22:17-77
31-->src\main\AndroidManifest.xml:22:27-74
32            </intent-filter>
33
34            <meta-data
34-->src\main\AndroidManifest.xml:24:13-26:36
35                android:name="android.app.lib_name"
35-->src\main\AndroidManifest.xml:25:17-52
36                android:value="" />
36-->src\main\AndroidManifest.xml:26:17-33
37        </activity>
38        <activity
38-->src\main\AndroidManifest.xml:28:9-34:20
39            android:name="com.example.projeckpastibisa.UpdateActivity"
39-->src\main\AndroidManifest.xml:29:13-43
40            android:exported="false" >
40-->src\main\AndroidManifest.xml:30:13-37
41            <meta-data
41-->src\main\AndroidManifest.xml:24:13-26:36
42                android:name="android.app.lib_name"
42-->src\main\AndroidManifest.xml:25:17-52
43                android:value="" />
43-->src\main\AndroidManifest.xml:26:17-33
44        </activity>
45        <activity
45-->src\main\AndroidManifest.xml:35:9-41:20
46            android:name="com.example.projeckpastibisa.AddActivity"
46-->src\main\AndroidManifest.xml:36:13-40
47            android:exported="false" >
47-->src\main\AndroidManifest.xml:37:13-37
48            <meta-data
48-->src\main\AndroidManifest.xml:24:13-26:36
49                android:name="android.app.lib_name"
49-->src\main\AndroidManifest.xml:25:17-52
50                android:value="" />
50-->src\main\AndroidManifest.xml:26:17-33
51        </activity>
52        <activity
52-->src\main\AndroidManifest.xml:42:9-50:20
53            android:name="com.example.projeckpastibisa.MainActivity"
53-->src\main\AndroidManifest.xml:43:13-41
54            android:exported="true"
54-->src\main\AndroidManifest.xml:44:13-36
55            android:theme="@style/Theme.ProjeckPastiBisa" >
55-->src\main\AndroidManifest.xml:45:13-58
56            <meta-data
56-->src\main\AndroidManifest.xml:24:13-26:36
57                android:name="android.app.lib_name"
57-->src\main\AndroidManifest.xml:25:17-52
58                android:value="" />
58-->src\main\AndroidManifest.xml:26:17-33
59        </activity>
60
61        <provider
61-->[androidx.emoji2:emoji2:1.2.0] AndroidManifest.xml:24:9-32:20
62            android:name="androidx.startup.InitializationProvider"
62-->[androidx.emoji2:emoji2:1.2.0] AndroidManifest.xml:25:13-67
63            android:authorities="com.example.projeckpastibisa.androidx-startup"
63-->[androidx.emoji2:emoji2:1.2.0] AndroidManifest.xml:26:13-68
64            android:exported="false" >
64-->[androidx.emoji2:emoji2:1.2.0] AndroidManifest.xml:27:13-37
65            <meta-data
65-->[androidx.emoji2:emoji2:1.2.0] AndroidManifest.xml:29:13-31:52
66                android:name="androidx.emoji2.text.EmojiCompatInitializer"
66-->[androidx.emoji2:emoji2:1.2.0] AndroidManifest.xml:30:17-75
67                android:value="androidx.startup" />
67-->[androidx.emoji2:emoji2:1.2.0] AndroidManifest.xml:31:17-49
68            <meta-data
68-->[androidx.lifecycle:lifecycle-process:2.4.1] AndroidManifest.xml:31:13-33:52
69                android:name="androidx.lifecycle.ProcessLifecycleInitializer"
69-->[androidx.lifecycle:lifecycle-process:2.4.1] AndroidManifest.xml:32:17-78
70                android:value="androidx.startup" />
70-->[androidx.lifecycle:lifecycle-process:2.4.1] AndroidManifest.xml:33:17-49
71        </provider>
72    </application>
73
74</manifest>